<?xml version="1.0" encoding="UTF-8"?>
<Site BuildName="Win32-mingw32-make"
	BuildStamp="20230923-1327-Experimental"
	Name="WIN-713RC7ITCFH"
	Generator="ctest-3.27.5"
	CompilerName="C:/msys64/ucrt64/bin/g++.exe"
	CompilerVersion="13.1.0"
	OSName="Windows"
	Hostname="WIN-713RC7ITCFH"
	OSRelease=" Professional"
	OSVersion=" (Build 22621)"
	OSPlatform="AMD64"
	Is64Bits="1"
	VendorString="GenuineIntel"
	VendorID="Intel Corporation"
	FamilyID="6"
	ModelID="14"
	ProcessorCacheSize="-1"
	NumberOfLogicalCPU="6"
	NumberOfPhysicalCPU="6"
	TotalVirtualMemory="46690"
	TotalPhysicalMemory="16180"
	LogicalProcessorsPerPhysical="1"
	ProcessorClockFrequency="2304"
	>
	<Testing>
		<StartDateTime>Sep 23 14:43 GMT Daylight Time</StartDateTime>
		<StartTestTime>1695476609</StartTestTime>
		<TestList/>
		<EndDateTime>Sep 23 14:43 GMT Daylight Time</EndDateTime>
		<EndTestTime>1695476609</EndTestTime>
		<ElapsedMinutes>0</ElapsedMinutes>
	</Testing>
</Site>
